The flag 'directory' used in rule all is only valid for outputs, not inputs.
The flag 'directory' used in rule all is only valid for outputs, not inputs.
Building DAG of jobs...
Using shell: /bin/bash
Provided cluster nodes: 999
Job counts:
	count	jobs
	1	all
	2	counts
	3

[Sun Mar  3 13:10:33 2019]
rule counts:
    input: /home/kkchau/projects/Cul3Mice/XH1
    output: data/HET
    jobid: 1
    wildcards: sample_id=HET

Submitted job 1 with external jobid 'Submitted batch job 21744689'.

[Sun Mar  3 13:10:33 2019]
rule counts:
    input: /home/kkchau/projects/Cul3Mice/XH2
    output: data/WT
    jobid: 2
    wildcards: sample_id=WT

Submitted job 2 with external jobid 'Submitted batch job 21744690'.
