The flag 'directory' used in rule all is only valid for outputs, not inputs.
The flag 'directory' used in rule all is only valid for outputs, not inputs.
Building DAG of jobs...
Using shell: /bin/bash
Provided cores: 1
Rules claiming more threads will be scaled down.
Job counts:
	count	jobs
	1	all
	1	counts
	2

[Sun Mar  3 03:09:20 2019]
rule counts:
    input: /home/kkchau/projects/Cul3Mice/XH2
    output: data/XH2
    jobid: 2
    wildcards: sample_id=XH2

Terminating processes on user request, this might take some time.
[Sun Mar  3 03:09:26 2019]
Error in rule counts:
    jobid: 2
    output: data/XH2

RuleException:
CalledProcessError in line 42 of /home/kkchau/single_cell_analysis_pipeline/Snakefile:
Command 'set -euo pipefail;  /home/kkchau/cellranger-3.0.0/cellranger count --id=XH2 --fastqs=/home/kkchau/projects/Cul3Mice/XH2 --sample=SI-GA-E2_1,SI-GA-E2_2,SI-GA-E2_3,SI-GA-E2_4 --transcriptome=/home/kkchau/projects/references/refdata-cellranger-mm10-3.0.0; cp -r XH2/outs/filtered_feature_bc_matrix/* data/XH2/' returned non-zero exit status 1.
  File "/home/kkchau/single_cell_analysis_pipeline/Snakefile", line 42, in __rule_counts
  File "/home/kkchau/miniconda3/lib/python3.6/concurrent/futures/thread.py", line 56, in run
Complete log: /home/kkchau/single_cell_analysis_pipeline/.snakemake/log/2019-03-03T030920.080530.snakemake.log
